installing R.css in C:/DOCUME~1/lppou/MESDOC~1/ACTUAR~1.RCH


---------- Making package actuar ------------
  adding build stamp to DESCRIPTION
  installing NAMESPACE file and metadata
  making DLL ...
  ... DLL made
  installing DLL
  installing R files
  installing data files
  installing man source files
  installing indices
  not zipping data
  installing help
 >>> Building/Updating help pages for package 'actuar'
     Formats: text html latex example chm 
  aggregate.simpf                   text    html    latex   example
  bstraub                           text    html    latex   example
  burr                              text    html    latex   example
  genpareto                         text    html    latex   example
  hachemeister                      text    html    latex
  invburr                           text    html    latex   example
  invexp                            text    html    latex   example
  invgamma                          text    html    latex   example
  invparalogis                      text    html    latex   example
  invpareto                         text    html    latex   example
  invtrgamma                        text    html    latex   example
  invweibull                        text    html    latex   example
  lgamma                            text    html    latex   example
  llogis                            text    html    latex   example
  panjer                            text    html    latex   example
  paralogis                         text    html    latex   example
  pareto                            text    html    latex   example
  pareto1                           text    html    latex   example
  rearrangepf                       text    html    latex   example
  severity                          text    html    latex   example
  simpf                             text    html    latex   example
  summary.bstraub                   text    html    latex   example
  summary.simpf                     text    html    latex   example
  trbeta                            text    html    latex   example
  trgamma                           text    html    latex   example
  preparing package actuar for lazy loading
Erreur dans eval(expr, envir, enclos) : objet "x" non trouvé
Erreur : impossible de charger le code R depuis le package 'actuar'
Exécution arrêtée
make: *** [lazyload] Error 1
*** Installation of actuar failed ***

Removing 'C:/DOCUME~1/lppou/MESDOC~1/ACTUAR~1.RCH/actuar'
